<?xml version="1.0" encoding="UTF-8"?>
<!-- Generated by org.testng.reporters.JUnitXMLReporter -->
<testsuite hostname="moes-mbp" failures="0" tests="27" name="Default test" time="14.787" errors="0" timestamp="3 Feb 2024 09:36:14 GMT">
  <testcase classname="RestAssured.restassured.ScriptClass" name="Verify_API_Response_StatusCode" time="1.892"/>
  <testcase classname="RestAssured.restassured.ScriptClass" name="Verify_API_Response_StatusCode" time="0.41"/>
  <testcase classname="RestAssured.restassured.ScriptClass" name="Verify_API_Response_StatusCode" time="0.385"/>
  <testcase classname="RestAssured.restassured.ScriptClass" name="Verify_Invalid_Request_Handling" time="0.46"/>
  <testcase classname="RestAssured.restassured.ScriptClass" name="Verify_Invalid_Request_Handling" time="0.335"/>
  <testcase classname="RestAssured.restassured.ScriptClass" name="Verify_Invalid_Request_Handling" time="0.374"/>
  <testcase classname="RestAssured.restassured.ScriptClass" name="Verify_ParameterKey_HasValue" time="1.889"/>
  <testcase classname="RestAssured.restassured.ScriptClass" name="Verify_ParameterKey_HasValue" time="0.44"/>
  <testcase classname="RestAssured.restassured.ScriptClass" name="Verify_ParameterKey_HasValue" time="0.382"/>
  <testcase classname="RestAssured.restassured.ScriptClass" name="Verify_Response_Time" time="0.435"/>
  <testcase classname="RestAssured.restassured.ScriptClass" name="Verify_Response_Time" time="0.344"/>
  <testcase classname="RestAssured.restassured.ScriptClass" name="Verify_Response_Time" time="0.356"/>
  <testcase classname="RestAssured.restassured.ScriptClass" name="Verify_Status_Code_Handling" time="0.393"/>
  <testcase classname="RestAssured.restassured.ScriptClass" name="Verify_Status_Code_Handling" time="0.359"/>
  <testcase classname="RestAssured.restassured.ScriptClass" name="Verify_Status_Code_Handling" time="0.358"/>
  <testcase classname="RestAssured.restassured.ScriptClass" name="Verify_StatusCode_and_Parms_notNull" time="0.438"/>
  <testcase classname="RestAssured.restassured.ScriptClass" name="Verify_StatusCode_and_Parms_notNull" time="0.375"/>
  <testcase classname="RestAssured.restassured.ScriptClass" name="Verify_StatusCode_and_Parms_notNull" time="0.354"/>
  <testcase classname="RestAssured.restassured.ScriptClass" name="Verify_ResponseBody_Object" time="0.422"/>
  <testcase classname="RestAssured.restassured.ScriptClass" name="Verify_ResponseBody_Object" time="0.372"/>
  <testcase classname="RestAssured.restassured.ScriptClass" name="Verify_ResponseBody_Object" time="0.373"/>
  <testcase classname="RestAssured.restassured.ScriptClass" name="Verify_API_contentType" time="0.359"/>
  <testcase classname="RestAssured.restassured.ScriptClass" name="Verify_API_contentType" time="0.338"/>
  <testcase classname="RestAssured.restassured.ScriptClass" name="Verify_API_contentType" time="0.346"/>
  <testcase classname="RestAssured.restassured.ScriptClass" name="Verify_Response_Encoding" time="0.367"/>
  <testcase classname="RestAssured.restassured.ScriptClass" name="Verify_Response_Encoding" time="0.346"/>
  <testcase classname="RestAssured.restassured.ScriptClass" name="Verify_Response_Encoding" time="0.342"/>
</testsuite> <!-- Default test -->
