<?xml version="1.0" encoding="UTF-8"?>
<testng-results total="27" passed="27" failed="0" skipped="0">
  <reporter-output>
  </reporter-output>
  <suite started-at="2024-02-03T09:35:59Z" name="Default suite" finished-at="2024-02-03T09:36:14Z" duration-ms="14787">
    <groups>
    </groups>
    <test started-at="2024-02-03T09:35:59Z" name="Default test" finished-at="2024-02-03T09:36:14Z" duration-ms="14787">
      <class name="RestAssured.restassured.ScriptClass">
        <test-method is-config="true" signature="createRequestSpecification()[pri:0, instance:RestAssured.restassured.ScriptClass@481ba2cf]" started-at="2024-02-03T11:35:59Z" name="createRequestSpecification" finished-at="2024-02-03T11:36:00Z" duration-ms="1410" status="PASS">
          <reporter-output>
          </reporter-output>
        </test-method> <!-- createRequestSpecification -->
        <test-method signature="Verify_API_Response_StatusCode(java.lang.String, java.lang.String, java.lang.String)[pri:1, instance:RestAssured.restassured.ScriptClass@481ba2cf]" started-at="2024-02-03T11:36:00Z" name="Verify_API_Response_StatusCode" data-provider="data" finished-at="2024-02-03T11:36:02Z" duration-ms="1892" status="PASS">
          <params>
            <param index="0">
              <value>
                <![CDATA[us]]>
              </value>
            </param>
            <param index="1">
              <value>
                <![CDATA[90210]]>
              </value>
            </param>
            <param index="2">
              <value>
                <![CDATA[Beverly Hills]]>
              </value>
            </param>
          </params>
          <reporter-output>
          </reporter-output>
        </test-method> <!-- Verify_API_Response_StatusCode -->
        <test-method signature="Verify_API_Response_StatusCode(java.lang.String, java.lang.String, java.lang.String)[pri:1, instance:RestAssured.restassured.ScriptClass@481ba2cf]" started-at="2024-02-03T11:36:02Z" name="Verify_API_Response_StatusCode" data-provider="data" finished-at="2024-02-03T11:36:03Z" duration-ms="410" status="PASS">
          <params>
            <param index="0">
              <value>
                <![CDATA[us]]>
              </value>
            </param>
            <param index="1">
              <value>
                <![CDATA[12345]]>
              </value>
            </param>
            <param index="2">
              <value>
                <![CDATA[Schenectady]]>
              </value>
            </param>
          </params>
          <reporter-output>
          </reporter-output>
        </test-method> <!-- Verify_API_Response_StatusCode -->
        <test-method signature="Verify_API_Response_StatusCode(java.lang.String, java.lang.String, java.lang.String)[pri:1, instance:RestAssured.restassured.ScriptClass@481ba2cf]" started-at="2024-02-03T11:36:03Z" name="Verify_API_Response_StatusCode" data-provider="data" finished-at="2024-02-03T11:36:03Z" duration-ms="385" status="PASS">
          <params>
            <param index="0">
              <value>
                <![CDATA[ca]]>
              </value>
            </param>
            <param index="1">
              <value>
                <![CDATA[B2R]]>
              </value>
            </param>
            <param index="2">
              <value>
                <![CDATA[Waverley]]>
              </value>
            </param>
          </params>
          <reporter-output>
          </reporter-output>
        </test-method> <!-- Verify_API_Response_StatusCode -->
        <test-method signature="Verify_Invalid_Request_Handling(java.lang.String, java.lang.String, java.lang.String)[pri:2, instance:RestAssured.restassured.ScriptClass@481ba2cf]" started-at="2024-02-03T11:36:03Z" name="Verify_Invalid_Request_Handling" data-provider="data" finished-at="2024-02-03T11:36:03Z" duration-ms="460" status="PASS">
          <params>
            <param index="0">
              <value>
                <![CDATA[us]]>
              </value>
            </param>
            <param index="1">
              <value>
                <![CDATA[90210]]>
              </value>
            </param>
            <param index="2">
              <value>
                <![CDATA[Beverly Hills]]>
              </value>
            </param>
          </params>
          <reporter-output>
          </reporter-output>
        </test-method> <!-- Verify_Invalid_Request_Handling -->
        <test-method signature="Verify_Invalid_Request_Handling(java.lang.String, java.lang.String, java.lang.String)[pri:2, instance:RestAssured.restassured.ScriptClass@481ba2cf]" started-at="2024-02-03T11:36:03Z" name="Verify_Invalid_Request_Handling" data-provider="data" finished-at="2024-02-03T11:36:04Z" duration-ms="335" status="PASS">
          <params>
            <param index="0">
              <value>
                <![CDATA[us]]>
              </value>
            </param>
            <param index="1">
              <value>
                <![CDATA[12345]]>
              </value>
            </param>
            <param index="2">
              <value>
                <![CDATA[Schenectady]]>
              </value>
            </param>
          </params>
          <reporter-output>
          </reporter-output>
        </test-method> <!-- Verify_Invalid_Request_Handling -->
        <test-method signature="Verify_Invalid_Request_Handling(java.lang.String, java.lang.String, java.lang.String)[pri:2, instance:RestAssured.restassured.ScriptClass@481ba2cf]" started-at="2024-02-03T11:36:04Z" name="Verify_Invalid_Request_Handling" data-provider="data" finished-at="2024-02-03T11:36:04Z" duration-ms="374" status="PASS">
          <params>
            <param index="0">
              <value>
                <![CDATA[ca]]>
              </value>
            </param>
            <param index="1">
              <value>
                <![CDATA[B2R]]>
              </value>
            </param>
            <param index="2">
              <value>
                <![CDATA[Waverley]]>
              </value>
            </param>
          </params>
          <reporter-output>
          </reporter-output>
        </test-method> <!-- Verify_Invalid_Request_Handling -->
        <test-method signature="Verify_ParameterKey_HasValue(java.lang.String, java.lang.String, java.lang.String)[pri:3, instance:RestAssured.restassured.ScriptClass@481ba2cf]" started-at="2024-02-03T11:36:04Z" name="Verify_ParameterKey_HasValue" data-provider="data" finished-at="2024-02-03T11:36:06Z" duration-ms="1889" status="PASS">
          <params>
            <param index="0">
              <value>
                <![CDATA[us]]>
              </value>
            </param>
            <param index="1">
              <value>
                <![CDATA[90210]]>
              </value>
            </param>
            <param index="2">
              <value>
                <![CDATA[Beverly Hills]]>
              </value>
            </param>
          </params>
          <reporter-output>
          </reporter-output>
        </test-method> <!-- Verify_ParameterKey_HasValue -->
        <test-method signature="Verify_ParameterKey_HasValue(java.lang.String, java.lang.String, java.lang.String)[pri:3, instance:RestAssured.restassured.ScriptClass@481ba2cf]" started-at="2024-02-03T11:36:06Z" name="Verify_ParameterKey_HasValue" data-provider="data" finished-at="2024-02-03T11:36:06Z" duration-ms="440" status="PASS">
          <params>
            <param index="0">
              <value>
                <![CDATA[us]]>
              </value>
            </param>
            <param index="1">
              <value>
                <![CDATA[12345]]>
              </value>
            </param>
            <param index="2">
              <value>
                <![CDATA[Schenectady]]>
              </value>
            </param>
          </params>
          <reporter-output>
          </reporter-output>
        </test-method> <!-- Verify_ParameterKey_HasValue -->
        <test-method signature="Verify_ParameterKey_HasValue(java.lang.String, java.lang.String, java.lang.String)[pri:3, instance:RestAssured.restassured.ScriptClass@481ba2cf]" started-at="2024-02-03T11:36:06Z" name="Verify_ParameterKey_HasValue" data-provider="data" finished-at="2024-02-03T11:36:07Z" duration-ms="382" status="PASS">
          <params>
            <param index="0">
              <value>
                <![CDATA[ca]]>
              </value>
            </param>
            <param index="1">
              <value>
                <![CDATA[B2R]]>
              </value>
            </param>
            <param index="2">
              <value>
                <![CDATA[Waverley]]>
              </value>
            </param>
          </params>
          <reporter-output>
          </reporter-output>
        </test-method> <!-- Verify_ParameterKey_HasValue -->
        <test-method signature="Verify_Response_Time(java.lang.String, java.lang.String, java.lang.String)[pri:4, instance:RestAssured.restassured.ScriptClass@481ba2cf]" started-at="2024-02-03T11:36:07Z" name="Verify_Response_Time" data-provider="data" finished-at="2024-02-03T11:36:07Z" duration-ms="435" status="PASS">
          <params>
            <param index="0">
              <value>
                <![CDATA[us]]>
              </value>
            </param>
            <param index="1">
              <value>
                <![CDATA[90210]]>
              </value>
            </param>
            <param index="2">
              <value>
                <![CDATA[Beverly Hills]]>
              </value>
            </param>
          </params>
          <reporter-output>
          </reporter-output>
        </test-method> <!-- Verify_Response_Time -->
        <test-method signature="Verify_Response_Time(java.lang.String, java.lang.String, java.lang.String)[pri:4, instance:RestAssured.restassured.ScriptClass@481ba2cf]" started-at="2024-02-03T11:36:07Z" name="Verify_Response_Time" data-provider="data" finished-at="2024-02-03T11:36:08Z" duration-ms="344" status="PASS">
          <params>
            <param index="0">
              <value>
                <![CDATA[us]]>
              </value>
            </param>
            <param index="1">
              <value>
                <![CDATA[12345]]>
              </value>
            </param>
            <param index="2">
              <value>
                <![CDATA[Schenectady]]>
              </value>
            </param>
          </params>
          <reporter-output>
          </reporter-output>
        </test-method> <!-- Verify_Response_Time -->
        <test-method signature="Verify_Response_Time(java.lang.String, java.lang.String, java.lang.String)[pri:4, instance:RestAssured.restassured.ScriptClass@481ba2cf]" started-at="2024-02-03T11:36:08Z" name="Verify_Response_Time" data-provider="data" finished-at="2024-02-03T11:36:08Z" duration-ms="356" status="PASS">
          <params>
            <param index="0">
              <value>
                <![CDATA[ca]]>
              </value>
            </param>
            <param index="1">
              <value>
                <![CDATA[B2R]]>
              </value>
            </param>
            <param index="2">
              <value>
                <![CDATA[Waverley]]>
              </value>
            </param>
          </params>
          <reporter-output>
          </reporter-output>
        </test-method> <!-- Verify_Response_Time -->
        <test-method signature="Verify_Status_Code_Handling(java.lang.String, java.lang.String, java.lang.String)[pri:5, instance:RestAssured.restassured.ScriptClass@481ba2cf]" started-at="2024-02-03T11:36:08Z" name="Verify_Status_Code_Handling" data-provider="data" finished-at="2024-02-03T11:36:08Z" duration-ms="393" status="PASS">
          <params>
            <param index="0">
              <value>
                <![CDATA[us]]>
              </value>
            </param>
            <param index="1">
              <value>
                <![CDATA[90210]]>
              </value>
            </param>
            <param index="2">
              <value>
                <![CDATA[Beverly Hills]]>
              </value>
            </param>
          </params>
          <reporter-output>
          </reporter-output>
        </test-method> <!-- Verify_Status_Code_Handling -->
        <test-method signature="Verify_Status_Code_Handling(java.lang.String, java.lang.String, java.lang.String)[pri:5, instance:RestAssured.restassured.ScriptClass@481ba2cf]" started-at="2024-02-03T11:36:08Z" name="Verify_Status_Code_Handling" data-provider="data" finished-at="2024-02-03T11:36:09Z" duration-ms="359" status="PASS">
          <params>
            <param index="0">
              <value>
                <![CDATA[us]]>
              </value>
            </param>
            <param index="1">
              <value>
                <![CDATA[12345]]>
              </value>
            </param>
            <param index="2">
              <value>
                <![CDATA[Schenectady]]>
              </value>
            </param>
          </params>
          <reporter-output>
          </reporter-output>
        </test-method> <!-- Verify_Status_Code_Handling -->
        <test-method signature="Verify_Status_Code_Handling(java.lang.String, java.lang.String, java.lang.String)[pri:5, instance:RestAssured.restassured.ScriptClass@481ba2cf]" started-at="2024-02-03T11:36:09Z" name="Verify_Status_Code_Handling" data-provider="data" finished-at="2024-02-03T11:36:09Z" duration-ms="358" status="PASS">
          <params>
            <param index="0">
              <value>
                <![CDATA[ca]]>
              </value>
            </param>
            <param index="1">
              <value>
                <![CDATA[B2R]]>
              </value>
            </param>
            <param index="2">
              <value>
                <![CDATA[Waverley]]>
              </value>
            </param>
          </params>
          <reporter-output>
          </reporter-output>
        </test-method> <!-- Verify_Status_Code_Handling -->
        <test-method signature="Verify_StatusCode_and_Parms_notNull(java.lang.String, java.lang.String, java.lang.String)[pri:6, instance:RestAssured.restassured.ScriptClass@481ba2cf]" started-at="2024-02-03T11:36:09Z" name="Verify_StatusCode_and_Parms_notNull" data-provider="data" finished-at="2024-02-03T11:36:10Z" duration-ms="438" status="PASS">
          <params>
            <param index="0">
              <value>
                <![CDATA[us]]>
              </value>
            </param>
            <param index="1">
              <value>
                <![CDATA[90210]]>
              </value>
            </param>
            <param index="2">
              <value>
                <![CDATA[Beverly Hills]]>
              </value>
            </param>
          </params>
          <reporter-output>
          </reporter-output>
        </test-method> <!-- Verify_StatusCode_and_Parms_notNull -->
        <test-method signature="Verify_StatusCode_and_Parms_notNull(java.lang.String, java.lang.String, java.lang.String)[pri:6, instance:RestAssured.restassured.ScriptClass@481ba2cf]" started-at="2024-02-03T11:36:10Z" name="Verify_StatusCode_and_Parms_notNull" data-provider="data" finished-at="2024-02-03T11:36:10Z" duration-ms="375" status="PASS">
          <params>
            <param index="0">
              <value>
                <![CDATA[us]]>
              </value>
            </param>
            <param index="1">
              <value>
                <![CDATA[12345]]>
              </value>
            </param>
            <param index="2">
              <value>
                <![CDATA[Schenectady]]>
              </value>
            </param>
          </params>
          <reporter-output>
          </reporter-output>
        </test-method> <!-- Verify_StatusCode_and_Parms_notNull -->
        <test-method signature="Verify_StatusCode_and_Parms_notNull(java.lang.String, java.lang.String, java.lang.String)[pri:6, instance:RestAssured.restassured.ScriptClass@481ba2cf]" started-at="2024-02-03T11:36:10Z" name="Verify_StatusCode_and_Parms_notNull" data-provider="data" finished-at="2024-02-03T11:36:10Z" duration-ms="354" status="PASS">
          <params>
            <param index="0">
              <value>
                <![CDATA[ca]]>
              </value>
            </param>
            <param index="1">
              <value>
                <![CDATA[B2R]]>
              </value>
            </param>
            <param index="2">
              <value>
                <![CDATA[Waverley]]>
              </value>
            </param>
          </params>
          <reporter-output>
          </reporter-output>
        </test-method> <!-- Verify_StatusCode_and_Parms_notNull -->
        <test-method signature="Verify_ResponseBody_Object(java.lang.String, java.lang.String, java.lang.String)[pri:7, instance:RestAssured.restassured.ScriptClass@481ba2cf]" started-at="2024-02-03T11:36:10Z" name="Verify_ResponseBody_Object" data-provider="data" finished-at="2024-02-03T11:36:11Z" duration-ms="422" status="PASS">
          <params>
            <param index="0">
              <value>
                <![CDATA[us]]>
              </value>
            </param>
            <param index="1">
              <value>
                <![CDATA[90210]]>
              </value>
            </param>
            <param index="2">
              <value>
                <![CDATA[Beverly Hills]]>
              </value>
            </param>
          </params>
          <reporter-output>
          </reporter-output>
        </test-method> <!-- Verify_ResponseBody_Object -->
        <test-method signature="Verify_ResponseBody_Object(java.lang.String, java.lang.String, java.lang.String)[pri:7, instance:RestAssured.restassured.ScriptClass@481ba2cf]" started-at="2024-02-03T11:36:11Z" name="Verify_ResponseBody_Object" data-provider="data" finished-at="2024-02-03T11:36:11Z" duration-ms="372" status="PASS">
          <params>
            <param index="0">
              <value>
                <![CDATA[us]]>
              </value>
            </param>
            <param index="1">
              <value>
                <![CDATA[12345]]>
              </value>
            </param>
            <param index="2">
              <value>
                <![CDATA[Schenectady]]>
              </value>
            </param>
          </params>
          <reporter-output>
          </reporter-output>
        </test-method> <!-- Verify_ResponseBody_Object -->
        <test-method signature="Verify_ResponseBody_Object(java.lang.String, java.lang.String, java.lang.String)[pri:7, instance:RestAssured.restassured.ScriptClass@481ba2cf]" started-at="2024-02-03T11:36:11Z" name="Verify_ResponseBody_Object" data-provider="data" finished-at="2024-02-03T11:36:11Z" duration-ms="373" status="PASS">
          <params>
            <param index="0">
              <value>
                <![CDATA[ca]]>
              </value>
            </param>
            <param index="1">
              <value>
                <![CDATA[B2R]]>
              </value>
            </param>
            <param index="2">
              <value>
                <![CDATA[Waverley]]>
              </value>
            </param>
          </params>
          <reporter-output>
          </reporter-output>
        </test-method> <!-- Verify_ResponseBody_Object -->
        <test-method signature="Verify_API_contentType(java.lang.String, java.lang.String, java.lang.String)[pri:8, instance:RestAssured.restassured.ScriptClass@481ba2cf]" started-at="2024-02-03T11:36:11Z" name="Verify_API_contentType" data-provider="data" finished-at="2024-02-03T11:36:12Z" duration-ms="359" status="PASS">
          <params>
            <param index="0">
              <value>
                <![CDATA[us]]>
              </value>
            </param>
            <param index="1">
              <value>
                <![CDATA[90210]]>
              </value>
            </param>
            <param index="2">
              <value>
                <![CDATA[Beverly Hills]]>
              </value>
            </param>
          </params>
          <reporter-output>
          </reporter-output>
        </test-method> <!-- Verify_API_contentType -->
        <test-method signature="Verify_API_contentType(java.lang.String, java.lang.String, java.lang.String)[pri:8, instance:RestAssured.restassured.ScriptClass@481ba2cf]" started-at="2024-02-03T11:36:12Z" name="Verify_API_contentType" data-provider="data" finished-at="2024-02-03T11:36:12Z" duration-ms="338" status="PASS">
          <params>
            <param index="0">
              <value>
                <![CDATA[us]]>
              </value>
            </param>
            <param index="1">
              <value>
                <![CDATA[12345]]>
              </value>
            </param>
            <param index="2">
              <value>
                <![CDATA[Schenectady]]>
              </value>
            </param>
          </params>
          <reporter-output>
          </reporter-output>
        </test-method> <!-- Verify_API_contentType -->
        <test-method signature="Verify_API_contentType(java.lang.String, java.lang.String, java.lang.String)[pri:8, instance:RestAssured.restassured.ScriptClass@481ba2cf]" started-at="2024-02-03T11:36:12Z" name="Verify_API_contentType" data-provider="data" finished-at="2024-02-03T11:36:13Z" duration-ms="346" status="PASS">
          <params>
            <param index="0">
              <value>
                <![CDATA[ca]]>
              </value>
            </param>
            <param index="1">
              <value>
                <![CDATA[B2R]]>
              </value>
            </param>
            <param index="2">
              <value>
                <![CDATA[Waverley]]>
              </value>
            </param>
          </params>
          <reporter-output>
          </reporter-output>
        </test-method> <!-- Verify_API_contentType -->
        <test-method signature="Verify_Response_Encoding(java.lang.String, java.lang.String, java.lang.String)[pri:9, instance:RestAssured.restassured.ScriptClass@481ba2cf]" started-at="2024-02-03T11:36:13Z" name="Verify_Response_Encoding" data-provider="data" finished-at="2024-02-03T11:36:13Z" duration-ms="367" status="PASS">
          <params>
            <param index="0">
              <value>
                <![CDATA[us]]>
              </value>
            </param>
            <param index="1">
              <value>
                <![CDATA[90210]]>
              </value>
            </param>
            <param index="2">
              <value>
                <![CDATA[Beverly Hills]]>
              </value>
            </param>
          </params>
          <reporter-output>
          </reporter-output>
        </test-method> <!-- Verify_Response_Encoding -->
        <test-method signature="Verify_Response_Encoding(java.lang.String, java.lang.String, java.lang.String)[pri:9, instance:RestAssured.restassured.ScriptClass@481ba2cf]" started-at="2024-02-03T11:36:13Z" name="Verify_Response_Encoding" data-provider="data" finished-at="2024-02-03T11:36:13Z" duration-ms="346" status="PASS">
          <params>
            <param index="0">
              <value>
                <![CDATA[us]]>
              </value>
            </param>
            <param index="1">
              <value>
                <![CDATA[12345]]>
              </value>
            </param>
            <param index="2">
              <value>
                <![CDATA[Schenectady]]>
              </value>
            </param>
          </params>
          <reporter-output>
          </reporter-output>
        </test-method> <!-- Verify_Response_Encoding -->
        <test-method signature="Verify_Response_Encoding(java.lang.String, java.lang.String, java.lang.String)[pri:9, instance:RestAssured.restassured.ScriptClass@481ba2cf]" started-at="2024-02-03T11:36:13Z" name="Verify_Response_Encoding" data-provider="data" finished-at="2024-02-03T11:36:14Z" duration-ms="342" status="PASS">
          <params>
            <param index="0">
              <value>
                <![CDATA[ca]]>
              </value>
            </param>
            <param index="1">
              <value>
                <![CDATA[B2R]]>
              </value>
            </param>
            <param index="2">
              <value>
                <![CDATA[Waverley]]>
              </value>
            </param>
          </params>
          <reporter-output>
          </reporter-output>
        </test-method> <!-- Verify_Response_Encoding -->
      </class> <!-- RestAssured.restassured.ScriptClass -->
    </test> <!-- Default test -->
  </suite> <!-- Default suite -->
</testng-results>
